2014-07-19T22:08:22.295+0300 Trying to install Windows service 'MongoDB'
2014-07-19T22:08:22.336+0300 Service 'MongoDB' (MongoDB) installed with command line '"c:\Program Files\MongoDB 2.6 Standard\bin\mongod.exe" --config D:\Android\workspace\TechnionMap\nodejs\mongo.conf --service'
2014-07-19T22:08:22.336+0300 Service can be started from the command line with 'net start MongoDB'
2014-07-19T22:08:42.067+0300 ***** SERVER RESTARTED *****
2014-07-19T22:08:42.071+0300 Trying to install Windows service 'MongoDB'
2014-07-19T22:08:42.071+0300 There is already a service named 'MongoDB', aborting
2014-07-19T22:09:45.804+0300 ***** SERVER RESTARTED *****
2014-07-19T22:09:45.807+0300 Trying to start Windows service 'MongoDB'
2014-07-19T22:09:45.809+0300 Service running
2014-07-19T22:09:45.813+0300 [initandlisten] MongoDB starting : pid=24936 port=27017 dbpath=D:\Android\MongoData 64-bit host=ATK
2014-07-19T22:09:45.813+0300 [initandlisten] targetMinOS: Windows 7/Windows Server 2008 R2
2014-07-19T22:09:45.813+0300 [initandlisten] db version v2.6.1
2014-07-19T22:09:45.813+0300 [initandlisten] git version: 4b95b086d2374bdcfcdf2249272fb552c9c726e8
2014-07-19T22:09:45.813+0300 [initandlisten] build info: windows sys.getwindowsversion(major=6, minor=1, build=7601, platform=2, service_pack='Service Pack 1') BOOST_LIB_VERSION=1_49
2014-07-19T22:09:45.813+0300 [initandlisten] allocator: system
2014-07-19T22:09:45.813+0300 [initandlisten] options: { config: "D:\Android\workspace\TechnionMap\nodejs\mongo.conf", net: { bindIp: "127.0.0.1", http: { RESTInterfaceEnabled: true, enabled: true }, port: 27017 }, service: true, storage: { dbPath: "D:\Android\MongoData" }, systemLog: { destination: "file", logAppend: true, path: "D:\Android\workspace\TechnionMap\nodejs\mongo.log" } }
2014-07-19T22:09:45.816+0300 [initandlisten] journal dir=D:\Android\MongoData\journal
2014-07-19T22:09:45.816+0300 [initandlisten] recover : no journal files present, no recovery needed
2014-07-19T22:09:45.816+0300 [initandlisten] 
2014-07-19T22:09:45.816+0300 [initandlisten] ERROR: Insufficient free space for journal files
2014-07-19T22:09:45.816+0300 [initandlisten] Please make at least 3379MB available in D:\Android\MongoData\journal or use --smallfiles
2014-07-19T22:09:45.816+0300 [initandlisten] 
2014-07-19T22:09:45.817+0300 [initandlisten] exception in initAndListen: 15926 Insufficient free space for journals, terminating
2014-07-19T22:09:45.817+0300 [initandlisten] dbexit: 
2014-07-19T22:09:45.817+0300 [initandlisten] shutdown: going to close listening sockets...
2014-07-19T22:09:45.817+0300 [initandlisten] shutdown: going to flush diaglog...
2014-07-19T22:09:45.817+0300 [initandlisten] shutdown: going to close sockets...
2014-07-19T22:09:45.817+0300 [initandlisten] shutdown: waiting for fs preallocator...
2014-07-19T22:09:45.817+0300 [initandlisten] shutdown: lock for final commit...
2014-07-19T22:09:45.817+0300 [initandlisten] shutdown: final commit...
2014-07-19T22:09:45.817+0300 [initandlisten] shutdown: closing all files...
2014-07-19T22:09:45.817+0300 [initandlisten] closeAllFiles() finished
2014-07-19T22:09:45.817+0300 [initandlisten] journalCleanup...
2014-07-19T22:09:45.817+0300 [initandlisten] removeJournalFiles
2014-07-19T22:09:45.817+0300 [initandlisten] shutdown: removing fs lock...
2014-07-19T22:09:45.817+0300 [initandlisten] dbexit: really exiting now
